ARexp01/app/build/outputs/logs/manifest-merger-debug-report.txt
-- Merging decision tree log ---
manifest
ADDED from src\main\AndroidManifest.xml:2:1-68:12
	package
		ADDED from src\main\AndroidManifest.xml:3:5-62
		INJECTED from src\main\AndroidManifest.xml
		INJECTED from src\main\AndroidManifest.xml
	android:versionName
		ADDED from src\main\AndroidManifest.xml:5:5-32
		INJECTED from src\main\AndroidManifest.xml
		INJECTED from src\main\AndroidManifest.xml
	android:versionCode
		ADDED from src\main\AndroidManifest.xml:4:5-32
		INJECTED from src\main\AndroidManifest.xml
		INJECTED from src\main\AndroidManifest.xml
	xmlns:android
		ADDED from src\main\AndroidManifest.xml:2:11-69
uses-sdk
ADDED from src\main\AndroidManifest.xml:7:5-9:41
MERGED from [ARexp01:SmartEyeglassAPI:unspecified] AndroidManifest.xml:5:5-7:41
MERGED from [ARexp01:SmartExtensionAPI:unspecified] AndroidManifest.xml:5:5-7:41
MERGED from [ARexp01:SmartExtensionUtils:unspecified] AndroidManifest.xml:5:5-7:41
MERGED from [ARexp01:SmartExtensionAPI:unspecified] AndroidManifest.xml:5:5-7:41
MERGED from [ARexp01:SmartExtensionAPI:unspecified] AndroidManifest.xml:5:5-7:41
MERGED from [ARexp01:SmartExtensionUtils:unspecified] AndroidManifest.xml:5:5-7:41
MERGED from [ARexp01:SmartExtensionAPI:unspecified] AndroidManifest.xml:5:5-7:41
	android:targetSdkVersion
		ADDED from src\main\AndroidManifest.xml:9:9-38
		INJECTED from src\main\AndroidManifest.xml
		INJECTED from src\main\AndroidManifest.xml
	android:minSdkVersion
		ADDED from src\main\AndroidManifest.xml:8:9-35
		INJECTED from src\main\AndroidManifest.xml
		INJECTED from src\main\AndroidManifest.xml
uses-permission#com.sonyericsson.extras.liveware.aef.EXTENSION_PERMISSION
ADDED from src\main\AndroidManifest.xml:11:5-97
	android:name
		ADDED from src\main\AndroidManifest.xml:11:22-94
uses-permission#com.sony.smarteyeglass.permission.SMARTEYEGLASS
ADDED from src\main\AndroidManifest.xml:12:5-87
	android:name
		ADDED from src\main\AndroidManifest.xml:12:22-84
uses-permission#android.permission.ACCESS_WIFI_STATE
ADDED from src\main\AndroidManifest.xml:13:5-76
	android:name
		ADDED from src\main\AndroidManifest.xml:13:22-73
uses-permission#android.permission.INTERNET
ADDED from src\main\AndroidManifest.xml:15:5-66
	android:name
		ADDED from src\main\AndroidManifest.xml:15:22-64
uses-permission#android.permission.ACCESS_NETWORK_STATE
ADDED from src\main\AndroidManifest.xml:16:5-78
	android:name
		ADDED from src\main\AndroidManifest.xml:16:22-76
uses-permission#android.permission.WRITE_EXTERNAL_STORAGE
ADDED from src\main\AndroidManifest.xml:17:5-81
	android:name
		ADDED from src\main\AndroidManifest.xml:17:22-78
uses-permission#android.permission.READ_EXTERNAL_STORAGE
ADDED from src\main\AndroidManifest.xml:18:5-80
	android:name
		ADDED from src\main\AndroidManifest.xml:18:22-77
application
ADDED from src\main\AndroidManifest.xml:20:5-66:19
	android:label
		ADDED from src\main\AndroidManifest.xml:22:9-41
	android:icon
		ADDED from src\main\AndroidManifest.xml:21:9-38
activity#com.sony.smarteyeglass.extension.ARexp01.ARexp01Activity
ADDED from src\main\AndroidManifest.xml:23:9-30:20
	android:label
		ADDED from src\main\AndroidManifest.xml:25:13-62
	android:name
		ADDED from src\main\AndroidManifest.xml:24:13-84
intent-filter#android.intent.action.MAIN
ADDED from src\main\AndroidManifest.xml:27:13-29:29
action#android.intent.action.MAIN
ADDED from src\main\AndroidManifest.xml:28:17-69
	android:name
		ADDED from src\main\AndroidManifest.xml:28:25-66
service#com.sony.smarteyeglass.extension.ARexp01.SampleExtensionService
ADDED from src\main\AndroidManifest.xml:32:9-99
	android:name
		ADDED from src\main\AndroidManifest.xml:32:18-96
receiver#com.sony.smarteyeglass.extension.ARexp01.ExtensionReceiver
ADDED from src\main\AndroidManifest.xml:34:9-65:20
	android:name
		ADDED from src\main\AndroidManifest.xml:34:19-92
intent-filter#android.intent.action.LOCALE_CHANGED+com.sonyericsson.extras.aef.control.CAMERA_CAPTURE_RESPONSE+com.sonyericsson.extras.aef.control.ERROR+com.sonyericsson.extras.aef.control.KEY_EVENT+com.sonyericsson.extras.aef.control.PAUSE+com.sonyericsson.extras.aef.control.RENDER_OBJECT_REGISTER_ACK+com.sonyericsson.extras.aef.control.RENDER_OBJECT_REQUEST+com.sonyericsson.extras.aef.control.RESUME+com.sonyericsson.extras.aef.control.START+com.sonyericsson.extras.aef.control.STOP+com.sonyericsson.extras.aef.control.SWIPE_EVENT+com.sonyericsson.extras.aef.control.TOUCH_EVENT+com.sonyericsson.extras.aef.widget.ONTOUCH+com.sonyericsson.extras.aef.widget.START_REFRESH_IMAGE_REQUEST+com.sonyericsson.extras.aef.widget.STOP_REFRESH_IMAGE_REQUEST+com.sonyericsson.extras.liveware.aef.notification.REFRESH_REQUEST+com.sonyericsson.extras.liveware.aef.notification.VIEW_EVENT_DETAIL+com.sonyericsson.extras.liveware.aef.registration.ACCESSORY_CONNECTION+com.sonyericsson.extras.liveware.aef.registration.EXTENSION_REGISTER_REQUEST+com.sonyericsson.extras.liveware.extension.util.widget.scheduled.refresh
ADDED from src\main\AndroidManifest.xml:35:13-64:29
action#com.sonyericsson.extras.liveware.aef.registration.EXTENSION_REGISTER_REQUEST
ADDED from src\main\AndroidManifest.xml:38:17-119
	android:name
		ADDED from src\main\AndroidManifest.xml:38:25-116
action#com.sonyericsson.extras.liveware.aef.registration.ACCESSORY_CONNECTION
ADDED from src\main\AndroidManifest.xml:39:17-113
	android:name
		ADDED from src\main\AndroidManifest.xml:39:25-110
action#android.intent.action.LOCALE_CHANGED
ADDED from src\main\AndroidManifest.xml:40:17-79
	android:name
		ADDED from src\main\AndroidManifest.xml:40:25-76
action#com.sonyericsson.extras.liveware.aef.notification.VIEW_EVENT_DETAIL
ADDED from src\main\AndroidManifest.xml:43:17-110
	android:name
		ADDED from src\main\AndroidManifest.xml:43:25-107
action#com.sonyericsson.extras.liveware.aef.notification.REFRESH_REQUEST
ADDED from src\main\AndroidManifest.xml:44:17-108
	android:name
		ADDED from src\main\AndroidManifest.xml:44:25-105
action#com.sonyericsson.extras.aef.widget.START_REFRESH_IMAGE_REQUEST
ADDED from src\main\AndroidManifest.xml:47:17-105
	android:name
		ADDED from src\main\AndroidManifest.xml:47:25-102
action#com.sonyericsson.extras.aef.widget.STOP_REFRESH_IMAGE_REQUEST
ADDED from src\main\AndroidManifest.xml:48:17-104
	android:name
		ADDED from src\main\AndroidManifest.xml:48:25-101
action#com.sonyericsson.extras.aef.widget.ONTOUCH
ADDED from src\main\AndroidManifest.xml:49:17-85
	android:name
		ADDED from src\main\AndroidManifest.xml:49:25-82
action#com.sonyericsson.extras.liveware.extension.util.widget.scheduled.refresh
ADDED from src\main\AndroidManifest.xml:50:17-115
	android:name
		ADDED from src\main\AndroidManifest.xml:50:25-112
action#com.sonyericsson.extras.aef.control.START
ADDED from src\main\AndroidManifest.xml:53:17-84
	android:name
		ADDED from src\main\AndroidManifest.xml:53:25-81
action#com.sonyericsson.extras.aef.control.STOP
ADDED from src\main\AndroidManifest.xml:54:17-83
	android:name
		ADDED from src\main\AndroidManifest.xml:54:25-80
action#com.sonyericsson.extras.aef.control.PAUSE
ADDED from src\main\AndroidManifest.xml:55:17-84
	android:name
		ADDED from src\main\AndroidManifest.xml:55:25-81
action#com.sonyericsson.extras.aef.control.RESUME
ADDED from src\main\AndroidManifest.xml:56:17-85
	android:name
		ADDED from src\main\AndroidManifest.xml:56:25-82
action#com.sonyericsson.extras.aef.control.ERROR
ADDED from src\main\AndroidManifest.xml:57:17-84
	android:name
		ADDED from src\main\AndroidManifest.xml:57:25-81
action#com.sonyericsson.extras.aef.control.KEY_EVENT
ADDED from src\main\AndroidManifest.xml:58:17-88
	android:name
		ADDED from src\main\AndroidManifest.xml:58:25-85
action#com.sonyericsson.extras.aef.control.TOUCH_EVENT
ADDED from src\main\AndroidManifest.xml:59:17-90
	android:name
		ADDED from src\main\AndroidManifest.xml:59:25-87
action#com.sonyericsson.extras.aef.control.SWIPE_EVENT
ADDED from src\main\AndroidManifest.xml:60:17-90
	android:name
		ADDED from src\main\AndroidManifest.xml:60:25-87
action#com.sonyericsson.extras.aef.control.CAMERA_CAPTURE_RESPONSE
ADDED from src\main\AndroidManifest.xml:61:17-102
	android:name
		ADDED from src\main\AndroidManifest.xml:61:25-99
action#com.sonyericsson.extras.aef.control.RENDER_OBJECT_REGISTER_ACK
ADDED from src\main\AndroidManifest.xml:62:17-105
	android:name
		ADDED from src\main\AndroidManifest.xml:62:25-102
action#com.sonyericsson.extras.aef.control.RENDER_OBJECT_REQUEST
ADDED from src\main\AndroidManifest.xml:63:17-100
	android:name
		ADDED from src\main\AndroidManifest.xml:63:25-97